<?xml version="1.0" encoding="UTF-8"?>
<!-- Generated by org.testng.reporters.JUnitReportReporter -->
<testsuite hostname="LAPTOP-CD3D46K5" failures="0" tests="1" name="com.CRM.qa.Testcases.ContactsPageTest" time="41.238" errors="0" timestamp="1 Mar 2024 10:53:12 GMT">
  <testcase classname="com.CRM.qa.Testcases.ContactsPageTest" name="createNewUserOnContactsPageTest" time="41.238"/>
</testsuite> <!-- com.CRM.qa.Testcases.ContactsPageTest -->
