<?xml version="1.0" encoding="UTF-8"?>
<!-- Generated by org.testng.reporters.JUnitReportReporter -->
<testsuite hostname="LAPTOP-CD3D46K5" failures="0" tests="1" name="com.CRM.qa.Testcases.LoginTest" time="15.935" errors="0" timestamp="4 Mar 2024 04:19:34 GMT">
  <testcase classname="com.CRM.qa.Testcases.LoginTest" name="LogintoCRMApplication" time="15.935"/>
</testsuite> <!-- com.CRM.qa.Testcases.LoginTest -->
