<?xml version="1.0" encoding="UTF-8"?>
<!-- Generated by org.testng.reporters.JUnitReportReporter -->
<testsuite hostname="LAPTOP-CD3D46K5" failures="0" tests="1" name="com.CRM.qa.Testcases.LoginTest" time="55.863" errors="0" timestamp="1 Mar 2024 10:46:36 GMT">
  <testcase classname="com.CRM.qa.Testcases.LoginTest" name="LogintoCRMApplication" time="55.863"/>
</testsuite> <!-- com.CRM.qa.Testcases.LoginTest -->
